[18:53:00] [ServerMain/INFO]: Building unoptimized datafixer
[18:53:00] [ServerMain/INFO]: Environment: authHost='https://authserver.mojang.com', accountsHost='https://api.mojang.com', sessionHost='https://sessionserver.mojang.com', servicesHost='https://api.minecraftservices.com', name='PROD'
[18:53:01] [ServerMain/INFO]: Loaded 7 recipes
[18:53:01] [ServerMain/INFO]: Loaded 1179 advancements
[18:53:01] [Server thread/INFO]: Starting minecraft server version 1.19.2
[18:53:01] [Server thread/INFO]: Loading properties
[18:53:01] [Server thread/INFO]: Default game type: SURVIVAL
[18:53:01] [Server thread/INFO]: Generating keypair
[18:53:01] [Server thread/INFO]: Starting Minecraft server on 192.168.178.57:25565
[18:53:02] [Server thread/INFO]: Using default channel type
[18:53:02] [Server thread/INFO]: Preparing level "world"
[18:53:12] [Server thread/INFO]: Preparing start region for dimension minecraft:overworld
[18:53:12] [Worker-Main-5/INFO]: Preparing spawn area: 0%
[18:53:12] [Worker-Main-3/INFO]: Preparing spawn area: 0%
[18:53:13] [Worker-Main-5/INFO]: Preparing spawn area: 0%
[18:53:13] [Worker-Main-9/INFO]: Preparing spawn area: 1%
[18:53:14] [Worker-Main-3/INFO]: Preparing spawn area: 4%
[18:53:14] [Worker-Main-9/INFO]: Preparing spawn area: 8%
[18:53:15] [Worker-Main-9/INFO]: Preparing spawn area: 11%
[18:53:15] [Worker-Main-6/INFO]: Preparing spawn area: 15%
[18:53:16] [Worker-Main-2/INFO]: Preparing spawn area: 20%
[18:53:16] [Worker-Main-8/INFO]: Preparing spawn area: 23%
[18:53:17] [Worker-Main-1/INFO]: Preparing spawn area: 29%
[18:53:17] [Worker-Main-8/INFO]: Preparing spawn area: 33%
[18:53:18] [Worker-Main-9/INFO]: Preparing spawn area: 40%
[18:53:18] [Worker-Main-3/INFO]: Preparing spawn area: 44%
[18:53:19] [Worker-Main-5/INFO]: Preparing spawn area: 50%
[18:53:19] [Worker-Main-5/INFO]: Preparing spawn area: 50%
[18:53:20] [Worker-Main-4/INFO]: Preparing spawn area: 53%
[18:53:20] [Worker-Main-3/INFO]: Preparing spawn area: 57%
[18:53:21] [Worker-Main-5/INFO]: Preparing spawn area: 64%
[18:53:21] [Worker-Main-1/INFO]: Preparing spawn area: 69%
[18:53:22] [Worker-Main-8/INFO]: Preparing spawn area: 74%
[18:53:22] [Worker-Main-5/INFO]: Preparing spawn area: 82%
[18:53:23] [Worker-Main-4/INFO]: Preparing spawn area: 87%
[18:53:23] [Worker-Main-2/INFO]: Preparing spawn area: 93%
[18:53:24] [Server thread/INFO]: Time elapsed: 11864 ms
[18:53:24] [Server thread/INFO]: Done (21.971s)! For help, type "help"
[18:59:15] [Server thread/INFO]: Made murjo06 a server operator
[18:59:18] [Server thread/INFO]: Stopping server
[18:59:18] [Server console handler/ERROR]: Exception handling console input
java.io.IOException: Input/output error
	at java.io.FileInputStream.readBytes(Native Method) ~[?:?]
	at java.io.FileInputStream.read(FileInputStream.java:276) ~[?:?]
	at java.io.BufferedInputStream.read1(BufferedInputStream.java:282) ~[?:?]
	at java.io.BufferedInputStream.read(BufferedInputStream.java:343) ~[?:?]
	at sun.nio.cs.StreamDecoder.readBytes(StreamDecoder.java:270) ~[?:?]
	at sun.nio.cs.StreamDecoder.implRead(StreamDecoder.java:313) ~[?:?]
	at sun.nio.cs.StreamDecoder.read(StreamDecoder.java:188) ~[?:?]
	at java.io.InputStreamReader.read(InputStreamReader.java:177) ~[?:?]
	at java.io.BufferedReader.fill(BufferedReader.java:162) ~[?:?]
	at java.io.BufferedReader.readLine(BufferedReader.java:329) ~[?:?]
	at java.io.BufferedReader.readLine(BufferedReader.java:396) ~[?:?]
	at afh$1.run(SourceFile:92) [server-1.19.2.jar:?]
